# JRE version: OpenJDK Runtime Environment (11.0.13) (build 11.0.13+0-b1751.21-8125866)
# Java VM: OpenJDK 64-Bit Server VM (11.0.13+0-b1751.21-8125866, mixed mode, tiered, compressed oops, g1 gc, windows-amd64)
Heap:
 garbage-first heap   total 446464K, used 327403K [0x0000000080000000, 0x0000000100000000)
  region size 1024K, 5 young (5120K), 2 survivors (2048K)
 Metaspace       used 200745K, capacity 205736K, committed 205764K, reserved 1228800K
  class space    used 24549K, capacity 26469K, committed 26496K, reserved 1048576K
GC Heap History (20 events):
Event: 549.934 GC heap before
{Heap before GC invocations=102 (full 0):
 garbage-first heap   total 446464K, used 179771K [0x0000000080000000, 0x0000000100000000)
  region size 1024K, 24 young (24576K), 1 survivors (1024K)
 Metaspace       used 183994K, capacity 188706K, committed 188996K, reserved 1214464K
  class space    used 22557K, capacity 24387K, committed 24576K, reserved 1048576K
}
Event: 549.938 GC heap after
{Heap after GC invocations=103 (full 0):
 garbage-first heap   total 446464K, used 158063K [0x0000000080000000, 0x0000000100000000)
  region size 1024K, 1 young (1024K), 1 survivors (1024K)
 Metaspace       used 183994K, capacity 188706K, committed 188996K, reserved 1214464K
  class space    used 22557K, capacity 24387K, committed 24576K, reserved 1048576K
}
Event: 551.232 GC heap before
{Heap before GC invocations=104 (full 0):
 garbage-first heap   total 446464K, used 278895K [0x0000000080000000, 0x0000000100000000)
  region size 1024K, 111 young (113664K), 1 survivors (1024K)
 Metaspace       used 187478K, capacity 192202K, committed 192580K, reserved 1216512K
  class space    used 22866K, capacity 24719K, committed 24832K, reserved 1048576K
}
Event: 551.249 GC heap after
{Heap after GC invocations=105 (full 0):
 garbage-first heap   total 446464K, used 176706K [0x0000000080000000, 0x0000000100000000)
  region size 1024K, 14 young (14336K), 14 survivors (14336K)
 Metaspace       used 187478K, capacity 192202K, committed 192580K, reserved 1216512K
  class space    used 22866K, capacity 24719K, committed 24832K, reserved 1048576K
}
Event: 551.343 GC heap before
{Heap before GC invocations=105 (full 0):
 garbage-first heap   total 446464K, used 184898K [0x0000000080000000, 0x0000000100000000)
  region size 1024K, 21 young (21504K), 14 survivors (14336K)
 Metaspace       used 188688K, capacity 193454K, committed 193860K, reserved 1218560K
  class space    used 23015K, capacity 24880K, committed 25088K, reserved 1048576K
}
Event: 551.350 GC heap after
{Heap after GC invocations=106 (full 0):
 garbage-first heap   total 446464K, used 180432K [0x0000000080000000, 0x0000000100000000)
  region size 1024K, 2 young (2048K), 2 survivors (2048K)
 Metaspace       used 188688K, capacity 193454K, committed 193860K, reserved 1218560K
  class space    used 23015K, capacity 24880K, committed 25088K, reserved 1048576K
}
Event: 552.210 GC heap before
{Heap before GC invocations=106 (full 0):
 garbage-first heap   total 446464K, used 290000K [0x0000000080000000, 0x0000000100000000)
  region size 1024K, 110 young (112640K), 2 survivors (2048K)
 Metaspace       used 196250K, capacity 200995K, committed 201412K, reserved 1224704K
  class space    used 23919K, capacity 25789K, committed 25984K, reserved 1048576K
}
Event: 552.237 GC heap after
{Heap after GC invocations=107 (full 0):
 garbage-first heap   total 446464K, used 228352K [0x0000000080000000, 0x0000000100000000)
  region size 1024K, 14 young (14336K), 14 survivors (14336K)
 Metaspace       used 196250K, capacity 200995K, committed 201412K, reserved 1224704K
  class space    used 23919K, capacity 25789K, committed 25984K, reserved 1048576K
}
Event: 552.863 GC heap before
{Heap before GC invocations=108 (full 0):
 garbage-first heap   total 446464K, used 310272K [0x0000000080000000, 0x0000000100000000)
  region size 1024K, 93 young (95232K), 14 survivors (14336K)
 Metaspace       used 200179K, capacity 204915K, committed 205252K, reserved 1228800K
  class space    used 24459K, capacity 26323K, committed 26496K, reserved 1048576K
}
Event: 552.891 GC heap after
{Heap after GC invocations=109 (full 0):
 garbage-first heap   total 446464K, used 255488K [0x0000000080000000, 0x0000000100000000)
  region size 1024K, 12 young (12288K), 12 survivors (12288K)
 Metaspace       used 200179K, capacity 204915K, committed 205252K, reserved 1228800K
  class space    used 24459K, capacity 26323K, committed 26496K, reserved 1048576K
}
Event: 552.912 GC heap before
{Heap before GC invocations=109 (full 0):
 garbage-first heap   total 446464K, used 264704K [0x0000000080000000, 0x0000000100000000)
  region size 1024K, 21 young (21504K), 12 survivors (12288K)
 Metaspace       used 200179K, capacity 204915K, committed 205252K, reserved 1228800K
  class space    used 24459K, capacity 26323K, committed 26496K, reserved 1048576K
}
Event: 552.926 GC heap after
{Heap after GC invocations=110 (full 0):
 garbage-first heap   total 446464K, used 265728K [0x0000000080000000, 0x0000000100000000)
  region size 1024K, 3 young (3072K), 3 survivors (3072K)
 Metaspace       used 200179K, capacity 204915K, committed 205252K, reserved 1228800K
  class space    used 24459K, capacity 26323K, committed 26496K, reserved 1048576K
}
Event: 553.051 GC heap before
{Heap before GC invocations=110 (full 0):
 garbage-first heap   total 446464K, used 327168K [0x0000000080000000, 0x0000000100000000)
  region size 1024K, 63 young (64512K), 3 survivors (3072K)
 Metaspace       used 200189K, capacity 204915K, committed 205252K, reserved 1228800K
  class space    used 24459K, capacity 26323K, committed 26496K, reserved 1048576K
}
Event: 553.082 GC heap after
{Heap after GC invocations=111 (full 0):
 garbage-first heap   total 446464K, used 306688K [0x0000000080000000, 0x0000000100000000)
  region size 1024K, 8 young (8192K), 8 survivors (8192K)
 Metaspace       used 200189K, capacity 204915K, committed 205252K, reserved 1228800K
  class space    used 24459K, capacity 26323K, committed 26496K, reserved 1048576K
}
Event: 553.153 GC heap before
{Heap before GC invocations=111 (full 0):
 garbage-first heap   total 446464K, used 347648K [0x0000000080000000, 0x0000000100000000)
  region size 1024K, 48 young (49152K), 8 survivors (8192K)
 Metaspace       used 200189K, capacity 204915K, committed 205252K, reserved 1228800K
  class space    used 24459K, capacity 26323K, committed 26496K, reserved 1048576K
}
Event: 553.176 GC heap after
{Heap after GC invocations=112 (full 0):
 garbage-first heap   total 446464K, used 340992K [0x0000000080000000, 0x0000000100000000)
  region size 1024K, 6 young (6144K), 6 survivors (6144K)
 Metaspace       used 200189K, capacity 204915K, committed 205252K, reserved 1228800K
  class space    used 24459K, capacity 26323K, committed 26496K, reserved 1048576K
}
Event: 553.229 GC heap before
{Heap before GC invocations=112 (full 0):
 garbage-first heap   total 446464K, used 363520K [0x0000000080000000, 0x0000000100000000)
  region size 1024K, 28 young (28672K), 6 survivors (6144K)
 Metaspace       used 200202K, capacity 204916K, committed 205252K, reserved 1228800K
  class space    used 24459K, capacity 26323K, committed 26496K, reserved 1048576K
}
Event: 553.239 GC heap after
{Heap after GC invocations=113 (full 0):
 garbage-first heap   total 446464K, used 347648K [0x0000000080000000, 0x0000000100000000)
  region size 1024K, 4 young (4096K), 4 survivors (4096K)
 Metaspace       used 200202K, capacity 204916K, committed 205252K, reserved 1228800K
  class space    used 24459K, capacity 26323K, committed 26496K, reserved 1048576K
}
Event: 553.495 GC heap before
{Heap before GC invocations=114 (full 0):
 garbage-first heap   total 446464K, used 346624K [0x0000000080000000, 0x0000000100000000)
  region size 1024K, 25 young (25600K), 4 survivors (4096K)
 Metaspace       used 200665K, capacity 205736K, committed 205764K, reserved 1228800K
  class space    used 24537K, capacity 26469K, committed 26496K, reserved 1048576K
}
Event: 553.501 GC heap after
{Heap after GC invocations=115 (full 0):
 garbage-first heap   total 446464K, used 325355K [0x0000000080000000, 0x0000000100000000)
  region size 1024K, 2 young (2048K), 2 survivors (2048K)
 Metaspace       used 200665K, capacity 205736K, committed 205764K, reserved 1228800K
  class space    used 24537K, capacity 26469K, committed 26496K, reserved 1048576K
}

